<?xml version="1.0" encoding="UTF-8"?>
<testng-results ignored="0" total="1" passed="1" failed="0" skipped="0">
  <reporter-output>
  </reporter-output>
  <suite started-at="2022-05-28T23:16:55Z" name="Default suite" finished-at="2022-05-28T23:17:04Z" duration-ms="8560">
    <groups>
    </groups>
    <test started-at="2022-05-28T23:16:55Z" name="Default test" finished-at="2022-05-28T23:17:04Z" duration-ms="8560">
      <class name="com.rxmg.tests.CreateNewPostTest">
        <test-method is-config="true" signature="setUp()[pri:0, instance:com.rxmg.tests.CreateNewPostTest@7d2c9361]" started-at="2022-05-28T23:16:55Z" name="setUp" finished-at="2022-05-28T23:17:00Z" duration-ms="4770" status="PASS">
          <reporter-output>
          </reporter-output>
        </test-method> <!-- setUp -->
        <test-method signature="createPost()[pri:0, instance:com.rxmg.tests.CreateNewPostTest@7d2c9361]" started-at="2022-05-28T23:17:00Z" name="createPost" finished-at="2022-05-28T23:17:03Z" duration-ms="2687" status="PASS">
          <reporter-output>
          </reporter-output>
        </test-method> <!-- createPost -->
        <test-method is-config="true" signature="tearDown()[pri:0, instance:com.rxmg.tests.CreateNewPostTest@7d2c9361]" started-at="2022-05-28T23:17:03Z" name="tearDown" finished-at="2022-05-28T23:17:04Z" duration-ms="1020" status="PASS">
          <reporter-output>
          </reporter-output>
        </test-method> <!-- tearDown -->
      </class> <!-- com.rxmg.tests.CreateNewPostTest -->
    </test> <!-- Default test -->
  </suite> <!-- Default suite -->
</testng-results>
